Mar-12 14:31:39.774 [main] DEBUG nextflow.cli.Launcher - $> nextflow run main.nf --run_mode_analysis mgmt -resume
Mar-12 14:31:39.933 [main] DEBUG nextflow.cli.CmdRun - N E X T F L O W  ~  version 24.10.1
Mar-12 14:31:39.952 [main] DEBUG nextflow.plugin.PluginsFacade - Setting up plugin manager > mode=prod; embedded=false; plugins-dir=/home/chbope/.nextflow/plugins; core-plugins: nf-amazon@2.9.1,nf-azure@1.10.2,nf-cloudcache@0.4.2,nf-codecommit@0.2.2,nf-console@1.1.4,nf-google@1.15.2,nf-tower@1.9.3,nf-wave@1.7.3
Mar-12 14:31:39.966 [main] INFO  o.pf4j.DefaultPluginStatusProvider - Enabled plugins: []
Mar-12 14:31:39.967 [main] INFO  o.pf4j.DefaultPluginStatusProvider - Disabled plugins: []
Mar-12 14:31:39.971 [main] INFO  org.pf4j.DefaultPluginManager - PF4J version 3.12.0 in 'deployment' mode
Mar-12 14:31:39.983 [main] INFO  org.pf4j.AbstractPluginManager - No plugins
Mar-12 14:31:40.006 [main] DEBUG nextflow.config.ConfigBuilder - Found config local: /home/chbope/Documents/nanopore/clone/nextflow/nWGS_pipeline/nextflow.config
Mar-12 14:31:40.008 [main] DEBUG nextflow.config.ConfigBuilder - Parsing config file: /home/chbope/Documents/nanopore/clone/nextflow/nWGS_pipeline/nextflow.config
Mar-12 14:31:40.034 [main] DEBUG n.secret.LocalSecretsProvider - Secrets store: /home/chbope/.nextflow/secrets/store.json
Mar-12 14:31:40.038 [main] DEBUG nextflow.secret.SecretsLoader - Discovered secrets providers: [nextflow.secret.LocalSecretsProvider@515ebef3] - activable => nextflow.secret.LocalSecretsProvider@515ebef3
Mar-12 14:31:40.051 [main] DEBUG nextflow.config.ConfigBuilder - Applying config profile: `standard`
Mar-12 14:31:40.833 [main] DEBUG nextflow.cli.CmdRun - Applied DSL=2 from script declaration
Mar-12 14:31:40.847 [main] DEBUG nextflow.cli.CmdRun - Launching `main.nf` [furious_picasso] DSL2 - revision: ca667becb2
Mar-12 14:31:40.848 [main] DEBUG nextflow.plugin.PluginsFacade - Plugins default=[]
Mar-12 14:31:40.848 [main] DEBUG nextflow.plugin.PluginsFacade - Plugins resolved requirement=[]
Mar-12 14:31:40.899 [main] DEBUG nextflow.Session - Session UUID: e7c949ad-3cfc-46e0-b578-40f92797a0ec
Mar-12 14:31:40.900 [main] DEBUG nextflow.Session - Run name: furious_picasso
Mar-12 14:31:40.900 [main] DEBUG nextflow.Session - Executor pool size: 12
Mar-12 14:31:40.909 [main] DEBUG nextflow.file.FilePorter - File porter settings maxRetries=3; maxTransfers=50; pollTimeout=null
Mar-12 14:31:40.916 [main] DEBUG nextflow.util.ThreadPoolBuilder - Creating thread pool 'FileTransfer' minSize=10; maxSize=36; workQueue=LinkedBlockingQueue[10000]; allowCoreThreadTimeout=false
Mar-12 14:31:40.940 [main] DEBUG nextflow.cli.CmdRun - 
  Version: 24.10.1 build 5930
  Created: 18-11-2024 12:21 UTC (13:21 CEST)
  System: Linux 5.4.0-208-generic
  Runtime: Groovy 4.0.23 on OpenJDK 64-Bit Server VM 11.0.15-internal+0-adhoc..src
  Encoding: UTF-8 (UTF-8)
  Process: 3976750@chbope [127.0.1.1]
  CPUs: 12 - Mem: 78.2 GB (10.7 GB) - Swap: 6 GB (6 GB)
Mar-12 14:31:41.002 [main] DEBUG nextflow.Session - Work-dir: /home/chbope/Documents/nanopore/clone/nextflow/nWGS_pipeline/work [ext2/ext3]
Mar-12 14:31:41.047 [main] DEBUG nextflow.executor.ExecutorFactory - Extension executors providers=[]
Mar-12 14:31:41.059 [main] DEBUG nextflow.Session - Observer factory: DefaultObserverFactory
Mar-12 14:31:41.097 [main] DEBUG nextflow.cache.CacheFactory - Using Nextflow cache factory: nextflow.cache.DefaultCacheFactory
Mar-12 14:31:41.108 [main] DEBUG nextflow.util.CustomThreadPool - Creating default thread pool > poolSize: 13; maxThreads: 1000
Mar-12 14:31:41.191 [main] DEBUG nextflow.Session - Session start
Mar-12 14:31:41.198 [main] DEBUG nextflow.Session - Using default localLib path: /home/chbope/Documents/nanopore/clone/nextflow/nWGS_pipeline/lib
Mar-12 14:31:41.199 [main] DEBUG nextflow.Session - Adding to the classpath library: /home/chbope/Documents/nanopore/clone/nextflow/nWGS_pipeline/lib
Mar-12 14:31:41.379 [main] DEBUG nextflow.script.ScriptRunner - > Launching execution
Mar-12 14:31:41.819 [main] INFO  nextflow.script.BaseScript - Sample_id T10-01 with Flow Cell ID: PBA69496
Mar-12 14:31:43.749 [main] INFO  nextflow.script.BaseScript - Analysis run mode: mgmt
Mar-12 14:31:43.756 [main] INFO  nextflow.script.BaseScript - Sample thresholds: [T10-01:0.73]
Mar-12 14:31:43.829 [main] INFO  nextflow.script.BaseScript - Running MGMT Analysis...
Mar-12 14:31:43.926 [main] DEBUG nextflow.executor.ExecutorFactory - << taskConfig executor: local
Mar-12 14:31:43.926 [main] DEBUG nextflow.executor.ExecutorFactory - >> processorType: 'local'
Mar-12 14:31:43.932 [main] DEBUG nextflow.executor.Executor - [warm up] executor > local
Mar-12 14:31:43.938 [main] DEBUG n.processor.LocalPollingMonitor - Creating local task monitor for executor 'local' > cpus=12; memory=78.2 GB; capacity=12; pollInterval=100ms; dumpInterval=5m
Mar-12 14:31:43.941 [main] DEBUG n.processor.TaskPollingMonitor - >>> barrier register (monitor: local)
Mar-12 14:31:44.008 [main] DEBUG nextflow.script.ProcessConfig - Config settings `withName:sturgeon` matches process analysis:sturgeon
Mar-12 14:31:44.013 [main] DEBUG nextflow.executor.ExecutorFactory - << taskConfig executor: local
Mar-12 14:31:44.013 [main] DEBUG nextflow.executor.ExecutorFactory - >> processorType: 'local'
Mar-12 14:31:44.025 [main] DEBUG nextflow.executor.ExecutorFactory - << taskConfig executor: local
Mar-12 14:31:44.026 [main] DEBUG nextflow.executor.ExecutorFactory - >> processorType: 'local'
Mar-12 14:31:44.050 [main] DEBUG nextflow.executor.ExecutorFactory - << taskConfig executor: local
Mar-12 14:31:44.051 [main] DEBUG nextflow.executor.ExecutorFactory - >> processorType: 'local'
Mar-12 14:31:44.065 [main] DEBUG nextflow.script.ProcessConfig - Config settings `withName:run_nn_classifier` matches process analysis:run_nn_classifier
Mar-12 14:31:44.067 [main] DEBUG nextflow.executor.ExecutorFactory - << taskConfig executor: local
Mar-12 14:31:44.068 [main] DEBUG nextflow.executor.ExecutorFactory - >> processorType: 'local'
Mar-12 14:31:44.090 [main] DEBUG nextflow.Session - Workflow process names [dsl2]: extract_epic, annotesv, analysis:sturgeon, mgmt_promoter, igv_tools, markdown_report, merge_bam_files, run_nn_classifier, clairs_to, analysis:nanodx, analysis:extract_epic, clair3, run_epi2me_cnv, run_epi2me_sv, extract_roi, analysis:mgmt_promoter, circosplot, ace_tmc, svannasv, sturgeon, knotannotsv, analysis:run_nn_classifier, annotatecnv, nanodx, cramino_report, merge_annotation, run_epi2me_modkit
Mar-12 14:31:44.093 [main] DEBUG nextflow.Session - Igniting dataflow network (25)
Mar-12 14:31:44.117 [PathVisitor-1] DEBUG nextflow.file.PathVisitor - files for syntax: glob; folder: /home/chbope/extension/results/epi2me/epimodkit/; pattern: *.wf_mods.bedmethyl.gz; options: [:]
Mar-12 14:31:44.120 [main] DEBUG nextflow.processor.TaskProcessor - Starting process > analysis:extract_epic
Mar-12 14:31:44.120 [main] DEBUG nextflow.processor.TaskProcessor - Starting process > analysis:sturgeon
Mar-12 14:31:44.120 [main] DEBUG nextflow.processor.TaskProcessor - Starting process > analysis:mgmt_promoter
Mar-12 14:31:44.120 [main] DEBUG nextflow.processor.TaskProcessor - Starting process > analysis:nanodx
Mar-12 14:31:44.121 [main] DEBUG nextflow.processor.TaskProcessor - Starting process > analysis:run_nn_classifier
Mar-12 14:31:44.122 [main] DEBUG nextflow.script.ScriptRunner - Parsed script files:
  Script_49aa978753d5a0c7: /home/chbope/Documents/nanopore/clone/nextflow/nWGS_pipeline/./modules/analysis.nf
  Script_dc4ef0d4fbc56b14: /home/chbope/Documents/nanopore/clone/nextflow/nWGS_pipeline/./modules/epi2me.nf
  Script_fe96802275f59008: /home/chbope/Documents/nanopore/clone/nextflow/nWGS_pipeline/./modules/mergebam.nf
  Script_f6a448acd690c999: /home/chbope/Documents/nanopore/clone/nextflow/nWGS_pipeline/main.nf
Mar-12 14:31:44.124 [main] DEBUG nextflow.script.ScriptRunner - > Awaiting termination 
Mar-12 14:31:44.125 [main] DEBUG nextflow.Session - Session await
Mar-12 14:31:44.302 [Task submitter] DEBUG n.executor.local.LocalTaskHandler - Launch cmd line: /bin/bash -ue .command.run
Mar-12 14:31:44.304 [Task submitter] INFO  nextflow.Session - [9d/f6df86] Submitted process > analysis:extract_epic (T10-01)
Mar-12 14:32:38.743 [Task monitor] DEBUG n.processor.TaskPollingMonitor - Task completed > TaskHandler[id: 1; name: analysis:extract_epic (T10-01); status: COMPLETED; exit: 0; error: -; workDir: /home/chbope/Documents/nanopore/clone/nextflow/nWGS_pipeline/work/9d/f6df866de99fff057232685d94569e]
Mar-12 14:32:38.745 [Task monitor] DEBUG nextflow.util.ThreadPoolBuilder - Creating thread pool 'TaskFinalizer' minSize=10; maxSize=36; workQueue=LinkedBlockingQueue[10000]; allowCoreThreadTimeout=false
Mar-12 14:32:38.801 [Task submitter] DEBUG n.executor.local.LocalTaskHandler - Launch cmd line: /bin/bash -ue .command.run
Mar-12 14:32:38.802 [Task submitter] INFO  nextflow.Session - [c7/39c475] Submitted process > analysis:mgmt_promoter (1)
Mar-12 14:32:38.804 [TaskFinalizer-1] DEBUG nextflow.util.ThreadPoolBuilder - Creating thread pool 'PublishDir' minSize=10; maxSize=36; workQueue=LinkedBlockingQueue[10000]; allowCoreThreadTimeout=false
Mar-12 14:32:38.816 [Task submitter] DEBUG n.executor.local.LocalTaskHandler - Launch cmd line: /bin/bash -ue .command.run
Mar-12 14:32:38.817 [Task submitter] INFO  nextflow.Session - [51/6055a2] Submitted process > analysis:nanodx (1)
Mar-12 14:32:38.838 [Task submitter] DEBUG n.executor.local.LocalTaskHandler - Launch cmd line: /bin/bash -ue .command.run
Mar-12 14:32:38.839 [Task submitter] INFO  nextflow.Session - [f5/44d970] Submitted process > analysis:sturgeon (1)
Mar-12 14:32:40.590 [Task monitor] DEBUG n.processor.TaskPollingMonitor - Task completed > TaskHandler[id: 2; name: analysis:mgmt_promoter (1); status: COMPLETED; exit: 0; error: -; workDir: /home/chbope/Documents/nanopore/clone/nextflow/nWGS_pipeline/work/c7/39c475a408f5d960ba1eb5e0d5b3bc]
Mar-12 14:32:41.400 [Task monitor] DEBUG n.processor.TaskPollingMonitor - Task completed > TaskHandler[id: 3; name: analysis:nanodx (1); status: COMPLETED; exit: 0; error: -; workDir: /home/chbope/Documents/nanopore/clone/nextflow/nWGS_pipeline/work/51/6055a2b88452e03296c54be17ef5b4]
Mar-12 14:32:41.455 [Task submitter] DEBUG n.executor.local.LocalTaskHandler - Launch cmd line: /bin/bash -ue .command.run
Mar-12 14:32:41.456 [Task submitter] INFO  nextflow.Session - [8c/8e208f] Submitted process > analysis:run_nn_classifier (1)
Mar-12 14:33:36.193 [Task monitor] DEBUG n.processor.TaskPollingMonitor - Task completed > TaskHandler[id: 5; name: analysis:run_nn_classifier (1); status: COMPLETED; exit: 0; error: -; workDir: /home/chbope/Documents/nanopore/clone/nextflow/nWGS_pipeline/work/8c/8e208ff340be0dd1f5e89d3f97df48]
Mar-12 14:33:43.727 [Task monitor] DEBUG n.processor.TaskPollingMonitor - Task completed > TaskHandler[id: 4; name: analysis:sturgeon (1); status: COMPLETED; exit: 0; error: -; workDir: /home/chbope/Documents/nanopore/clone/nextflow/nWGS_pipeline/work/f5/44d970f994f06a54b1995e5dfa9c0d]
Mar-12 14:33:43.737 [main] DEBUG nextflow.Session - Session await > all processes finished
Mar-12 14:33:43.827 [Task monitor] DEBUG n.processor.TaskPollingMonitor - <<< barrier arrives (monitor: local) - terminating tasks monitor poll loop
Mar-12 14:33:43.828 [main] DEBUG nextflow.Session - Session await > all barriers passed
Mar-12 14:33:43.836 [main] DEBUG nextflow.util.ThreadPoolManager - Thread pool 'TaskFinalizer' shutdown completed (hard=false)
Mar-12 14:33:43.839 [main] DEBUG nextflow.util.ThreadPoolManager - Thread pool 'PublishDir' shutdown completed (hard=false)
Mar-12 14:33:43.851 [main] DEBUG n.trace.WorkflowStatsObserver - Workflow completed > WorkflowStats[succeededCount=5; failedCount=0; ignoredCount=0; cachedCount=0; pendingCount=0; submittedCount=0; runningCount=0; retriesCount=0; abortedCount=0; succeedDuration=11m 53s; failedDuration=0ms; cachedDuration=0ms;loadCpus=0; loadMemory=0; peakRunning=3; peakCpus=12; peakMemory=20 GB; ]
Mar-12 14:33:44.028 [main] DEBUG nextflow.cache.CacheDB - Closing CacheDB done
Mar-12 14:33:44.058 [main] DEBUG nextflow.util.ThreadPoolManager - Thread pool 'FileTransfer' shutdown completed (hard=false)
Mar-12 14:33:44.059 [main] DEBUG nextflow.script.ScriptRunner - > Execution complete -- Goodbye
